<?xml version="1.0" encoding="UTF-8"?>
<testsuite xmlns:xsi="http://www.w3.org/2001/XMLSchema-instance" xsi:noNamespaceSchemaLocation="https://maven.apache.org/surefire/maven-surefire-plugin/xsd/surefire-test-report.xsd" name="TestSuite" time="34.804" tests="3" errors="0" skipped="0" failures="2">
  <properties>
    <property name="sun.desktop" value="windows"/>
    <property name="awt.toolkit" value="sun.awt.windows.WToolkit"/>
    <property name="file.encoding.pkg" value="sun.io"/>
    <property name="java.specification.version" value="1.8"/>
    <property name="sun.cpu.isalist" value="amd64"/>
    <property name="sun.jnu.encoding" value="Cp1252"/>
    <property name="java.class.path" value="C:\Users\chetan_modi\workspace\TestMaven\target\test-classes;C:\Users\chetan_modi\workspace\TestMaven\target\classes;C:\Users\chetan_modi\.m2\repository\junit\junit\3.8.1\junit-3.8.1.jar;C:\Users\chetan_modi\.m2\repository\org\seleniumhq\selenium\selenium-java\3.11.0\selenium-java-3.11.0.jar;C:\Users\chetan_modi\.m2\repository\org\seleniumhq\selenium\selenium-api\3.11.0\selenium-api-3.11.0.jar;C:\Users\chetan_modi\.m2\repository\org\seleniumhq\selenium\selenium-chrome-driver\3.11.0\selenium-chrome-driver-3.11.0.jar;C:\Users\chetan_modi\.m2\repository\org\seleniumhq\selenium\selenium-edge-driver\3.11.0\selenium-edge-driver-3.11.0.jar;C:\Users\chetan_modi\.m2\repository\org\seleniumhq\selenium\selenium-firefox-driver\3.11.0\selenium-firefox-driver-3.11.0.jar;C:\Users\chetan_modi\.m2\repository\org\seleniumhq\selenium\selenium-ie-driver\3.11.0\selenium-ie-driver-3.11.0.jar;C:\Users\chetan_modi\.m2\repository\org\seleniumhq\selenium\selenium-opera-driver\3.11.0\selenium-opera-driver-3.11.0.jar;C:\Users\chetan_modi\.m2\repository\org\seleniumhq\selenium\selenium-remote-driver\3.11.0\selenium-remote-driver-3.11.0.jar;C:\Users\chetan_modi\.m2\repository\org\seleniumhq\selenium\selenium-safari-driver\3.11.0\selenium-safari-driver-3.11.0.jar;C:\Users\chetan_modi\.m2\repository\org\seleniumhq\selenium\selenium-support\3.11.0\selenium-support-3.11.0.jar;C:\Users\chetan_modi\.m2\repository\net\bytebuddy\byte-buddy\1.7.9\byte-buddy-1.7.9.jar;C:\Users\chetan_modi\.m2\repository\org\apache\commons\commons-exec\1.3\commons-exec-1.3.jar;C:\Users\chetan_modi\.m2\repository\commons-codec\commons-codec\1.10\commons-codec-1.10.jar;C:\Users\chetan_modi\.m2\repository\commons-logging\commons-logging\1.2\commons-logging-1.2.jar;C:\Users\chetan_modi\.m2\repository\com\google\code\gson\gson\2.8.2\gson-2.8.2.jar;C:\Users\chetan_modi\.m2\repository\com\google\guava\guava\23.6-jre\guava-23.6-jre.jar;C:\Users\chetan_modi\.m2\repository\com\google\code\findbugs\jsr305\1.3.9\jsr305-1.3.9.jar;C:\Users\chetan_modi\.m2\repository\org\checkerframework\checker-compat-qual\2.0.0\checker-compat-qual-2.0.0.jar;C:\Users\chetan_modi\.m2\repository\com\google\errorprone\error_prone_annotations\2.1.3\error_prone_annotations-2.1.3.jar;C:\Users\chetan_modi\.m2\repository\com\google\j2objc\j2objc-annotations\1.1\j2objc-annotations-1.1.jar;C:\Users\chetan_modi\.m2\repository\org\codehaus\mojo\animal-sniffer-annotations\1.14\animal-sniffer-annotations-1.14.jar;C:\Users\chetan_modi\.m2\repository\org\apache\httpcomponents\httpclient\4.5.3\httpclient-4.5.3.jar;C:\Users\chetan_modi\.m2\repository\org\apache\httpcomponents\httpcore\4.4.6\httpcore-4.4.6.jar;C:\Users\chetan_modi\.m2\repository\com\squareup\okhttp3\okhttp\3.9.1\okhttp-3.9.1.jar;C:\Users\chetan_modi\.m2\repository\com\squareup\okio\okio\1.13.0\okio-1.13.0.jar;C:\Users\chetan_modi\.m2\repository\org\testng\testng\6.8\testng-6.8.jar;C:\Users\chetan_modi\.m2\repository\org\beanshell\bsh\2.0b4\bsh-2.0b4.jar;C:\Users\chetan_modi\.m2\repository\com\beust\jcommander\1.27\jcommander-1.27.jar;C:\Users\chetan_modi\.m2\repository\org\yaml\snakeyaml\1.6\snakeyaml-1.6.jar;C:\Users\chetan_modi\.m2\repository\org\apache\logging\log4j\log4j-api\2.11.0\log4j-api-2.11.0.jar;C:\Users\chetan_modi\.m2\repository\org\apache\logging\log4j\log4j-core\2.11.0\log4j-core-2.11.0.jar;C:\Users\chetan_modi\.m2\repository\commons-io\commons-io\2.6\commons-io-2.6.jar;C:\Users\chetan_modi\.m2\repository\com\aventstack\extentreports\3.1.3\extentreports-3.1.3.jar;C:\Users\chetan_modi\.m2\repository\org\freemarker\freemarker\2.3.23\freemarker-2.3.23.jar;C:\Users\chetan_modi\.m2\repository\org\mongodb\mongodb-driver\3.3.0\mongodb-driver-3.3.0.jar;C:\Users\chetan_modi\.m2\repository\org\mongodb\bson\3.3.0\bson-3.3.0.jar;C:\Users\chetan_modi\.m2\repository\org\mongodb\mongodb-driver-core\3.3.0\mongodb-driver-core-3.3.0.jar;C:\Users\chetan_modi\.m2\repository\org\apache\httpcomponents\httpmime\4.5.2\httpmime-4.5.2.jar;C:\Users\chetan_modi\.m2\repository\org\jsoup\jsoup\1.9.2\jsoup-1.9.2.jar;C:\Users\chetan_modi\.m2\repository\com\relevantcodes\extentreports\2.41.2\extentreports-2.41.2.jar;C:\Users\chetan_modi\.m2\repository\org\xerial\sqlite-jdbc\3.8.11.1\sqlite-jdbc-3.8.11.1.jar;C:\Users\chetan_modi\.m2\repository\ch\fortysix\maven-postman-plugin\0.1.6\maven-postman-plugin-0.1.6.jar;C:\Users\chetan_modi\.m2\repository\org\codehaus\gmaven\gmaven-mojo\1.2\gmaven-mojo-1.2.jar;C:\Users\chetan_modi\.m2\repository\org\codehaus\gmaven\runtime\gmaven-runtime-api\1.2\gmaven-runtime-api-1.2.jar;C:\Users\chetan_modi\.m2\repository\org\codehaus\gmaven\feature\gmaven-feature-api\1.2\gmaven-feature-api-1.2.jar;C:\Users\chetan_modi\.m2\repository\org\apache\maven\maven-project\2.0.10\maven-project-2.0.10.jar;C:\Users\chetan_modi\.m2\repository\org\apache\maven\maven-plugin-registry\2.0.10\maven-plugin-registry-2.0.10.jar;C:\Users\chetan_modi\.m2\repository\org\codehaus\plexus\plexus-interpolation\1.1\plexus-interpolation-1.1.jar;C:\Users\chetan_modi\.m2\repository\org\apache\maven\maven-plugin-api\2.0.10\maven-plugin-api-2.0.10.jar;C:\Users\chetan_modi\.m2\repository\org\codehaus\gmaven\runtime\gmaven-runtime-1.7\1.2\gmaven-runtime-1.7-1.2.jar;C:\Users\chetan_modi\.m2\repository\org\slf4j\slf4j-api\1.5.10\slf4j-api-1.5.10.jar;C:\Users\chetan_modi\.m2\repository\org\codehaus\gmaven\feature\gmaven-feature-support\1.2\gmaven-feature-support-1.2.jar;C:\Users\chetan_modi\.m2\repository\org\codehaus\gmaven\runtime\gmaven-runtime-support\1.2\gmaven-runtime-support-1.2.jar;C:\Users\chetan_modi\.m2\repository\org\sonatype\gshell\gshell-io\2.0\gshell-io-2.0.jar;C:\Users\chetan_modi\.m2\repository\org\sonatype\gossip\gossip\1.0\gossip-1.0.jar;C:\Users\chetan_modi\.m2\repository\com\thoughtworks\qdox\qdox\1.8\qdox-1.8.jar;C:\Users\chetan_modi\.m2\repository\org\codehaus\groovy\groovy-all\1.7-beta-2\groovy-all-1.7-beta-2.jar;C:\Users\chetan_modi\.m2\repository\jline\jline\0.9.94\jline-0.9.94.jar;C:\Users\chetan_modi\.m2\repository\javax\mail\mail\1.4.1\mail-1.4.1.jar;C:\Users\chetan_modi\.m2\repository\javax\activation\activation\1.1\activation-1.1.jar;C:\Users\chetan_modi\.m2\repository\org\apache\ant\ant\1.7.1\ant-1.7.1.jar;C:\Users\chetan_modi\.m2\repository\org\apache\ant\ant-launcher\1.7.1\ant-launcher-1.7.1.jar;C:\Users\chetan_modi\.m2\repository\org\slf4j\log4j-over-slf4j\1.5.10\log4j-over-slf4j-1.5.10.jar;C:\Users\chetan_modi\.m2\repository\org\apache\maven\shared\file-management\1.2.1\file-management-1.2.1.jar;C:\Users\chetan_modi\.m2\repository\org\apache\maven\shared\maven-shared-io\1.1\maven-shared-io-1.1.jar;C:\Users\chetan_modi\.m2\repository\org\codehaus\plexus\plexus-container-default\1.0-alpha-9\plexus-container-default-1.0-alpha-9.jar;C:\Users\chetan_modi\.m2\repository\org\apache\maven\reporting\maven-reporting-api\2.2.1\maven-reporting-api-2.2.1.jar;C:\Users\chetan_modi\.m2\repository\org\apache\maven\doxia\doxia-logging-api\1.1\doxia-logging-api-1.1.jar;C:\Users\chetan_modi\.m2\repository\org\apache\maven\reporting\maven-reporting-impl\2.0.4.3\maven-reporting-impl-2.0.4.3.jar;C:\Users\chetan_modi\.m2\repository\org\apache\maven\doxia\doxia-core\1.0\doxia-core-1.0.jar;C:\Users\chetan_modi\.m2\repository\org\apache\maven\doxia\doxia-site-renderer\1.0\doxia-site-renderer-1.0.jar;C:\Users\chetan_modi\.m2\repository\org\codehaus\plexus\plexus-i18n\1.0-beta-7\plexus-i18n-1.0-beta-7.jar;C:\Users\chetan_modi\.m2\repository\org\codehaus\plexus\plexus-velocity\1.1.7\plexus-velocity-1.1.7.jar;C:\Users\chetan_modi\.m2\repository\org\apache\velocity\velocity\1.5\velocity-1.5.jar;C:\Users\chetan_modi\.m2\repository\commons-lang\commons-lang\2.1\commons-lang-2.1.jar;C:\Users\chetan_modi\.m2\repository\org\apache\maven\doxia\doxia-decoration-model\1.0\doxia-decoration-model-1.0.jar;C:\Users\chetan_modi\.m2\repository\commons-collections\commons-collections\3.2\commons-collections-3.2.jar;C:\Users\chetan_modi\.m2\repository\org\apache\maven\doxia\doxia-module-apt\1.0\doxia-module-apt-1.0.jar;C:\Users\chetan_modi\.m2\repository\org\apache\maven\doxia\doxia-module-fml\1.0\doxia-module-fml-1.0.jar;C:\Users\chetan_modi\.m2\repository\org\apache\maven\doxia\doxia-module-xdoc\1.0\doxia-module-xdoc-1.0.jar;C:\Users\chetan_modi\.m2\repository\org\apache\maven\doxia\doxia-module-xhtml\1.0\doxia-module-xhtml-1.0.jar;C:\Users\chetan_modi\.m2\repository\commons-validator\commons-validator\1.2.0\commons-validator-1.2.0.jar;C:\Users\chetan_modi\.m2\repository\commons-beanutils\commons-beanutils\1.7.0\commons-beanutils-1.7.0.jar;C:\Users\chetan_modi\.m2\repository\commons-digester\commons-digester\1.6\commons-digester-1.6.jar;C:\Users\chetan_modi\.m2\repository\oro\oro\2.0.8\oro-2.0.8.jar;C:\Users\chetan_modi\.m2\repository\xml-apis\xml-apis\1.0.b2\xml-apis-1.0.b2.jar;C:\Users\chetan_modi\.m2\repository\org\apache\maven\shared\maven-doxia-tools\1.0.2\maven-doxia-tools-1.0.2.jar;C:\Users\chetan_modi\.m2\repository\org\apache\maven\doxia\doxia-sink-api\1.1.2\doxia-sink-api-1.1.2.jar;C:\Users\chetan_modi\.m2\repository\org\codehaus\plexus\plexus-utils\2.0.1\plexus-utils-2.0.1.jar;C:\Users\chetan_modi\.m2\repository\nekohtml\nekohtml\1.9.6.2\nekohtml-1.9.6.2.jar;C:\Users\chetan_modi\.m2\repository\xerces\xercesImpl\2.8.1\xercesImpl-2.8.1.jar;C:\Users\chetan_modi\.m2\repository\org\apache\commons\commons-email\1.2\commons-email-1.2.jar;C:\Users\chetan_modi\.m2\repository\org\apache\maven\maven-core\2.2.1\maven-core-2.2.1.jar;C:\Users\chetan_modi\.m2\repository\org\apache\maven\maven-settings\2.2.1\maven-settings-2.2.1.jar;C:\Users\chetan_modi\.m2\repository\org\apache\maven\wagon\wagon-file\1.0-beta-6\wagon-file-1.0-beta-6.jar;C:\Users\chetan_modi\.m2\repository\org\apache\maven\maven-plugin-parameter-documenter\2.2.1\maven-plugin-parameter-documenter-2.2.1.jar;C:\Users\chetan_modi\.m2\repository\org\apache\maven\wagon\wagon-http-lightweight\1.0-beta-6\wagon-http-lightweight-1.0-beta-6.jar;C:\Users\chetan_modi\.m2\repository\org\apache\maven\wagon\wagon-http-shared\1.0-beta-6\wagon-http-shared-1.0-beta-6.jar;C:\Users\chetan_modi\.m2\repository\nekohtml\xercesMinimal\1.9.6.2\xercesMinimal-1.9.6.2.jar;C:\Users\chetan_modi\.m2\repository\org\apache\maven\wagon\wagon-http\1.0-beta-6\wagon-http-1.0-beta-6.jar;C:\Users\chetan_modi\.m2\repository\org\apache\maven\wagon\wagon-webdav-jackrabbit\1.0-beta-6\wagon-webdav-jackrabbit-1.0-beta-6.jar;C:\Users\chetan_modi\.m2\repository\org\apache\jackrabbit\jackrabbit-webdav\1.5.0\jackrabbit-webdav-1.5.0.jar;C:\Users\chetan_modi\.m2\repository\org\apache\jackrabbit\jackrabbit-jcr-commons\1.5.0\jackrabbit-jcr-commons-1.5.0.jar;C:\Users\chetan_modi\.m2\repository\commons-httpclient\commons-httpclient\3.0\commons-httpclient-3.0.jar;C:\Users\chetan_modi\.m2\repository\org\slf4j\slf4j-nop\1.5.3\slf4j-nop-1.5.3.jar;C:\Users\chetan_modi\.m2\repository\org\slf4j\slf4j-jdk14\1.5.6\slf4j-jdk14-1.5.6.jar;C:\Users\chetan_modi\.m2\repository\org\slf4j\jcl-over-slf4j\1.5.6\jcl-over-slf4j-1.5.6.jar;C:\Users\chetan_modi\.m2\repository\org\apache\maven\maven-profile\2.2.1\maven-profile-2.2.1.jar;C:\Users\chetan_modi\.m2\repository\org\apache\maven\maven-model\2.2.1\maven-model-2.2.1.jar;C:\Users\chetan_modi\.m2\repository\org\apache\maven\maven-artifact\2.2.1\maven-artifact-2.2.1.jar;C:\Users\chetan_modi\.m2\repository\org\apache\maven\wagon\wagon-provider-api\1.0-beta-6\wagon-provider-api-1.0-beta-6.jar;C:\Users\chetan_modi\.m2\repository\org\apache\maven\maven-repository-metadata\2.2.1\maven-repository-metadata-2.2.1.jar;C:\Users\chetan_modi\.m2\repository\org\apache\maven\maven-error-diagnostics\2.2.1\maven-error-diagnostics-2.2.1.jar;C:\Users\chetan_modi\.m2\repository\commons-cli\commons-cli\1.2\commons-cli-1.2.jar;C:\Users\chetan_modi\.m2\repository\org\apache\maven\wagon\wagon-ssh-external\1.0-beta-6\wagon-ssh-external-1.0-beta-6.jar;C:\Users\chetan_modi\.m2\repository\org\apache\maven\wagon\wagon-ssh-common\1.0-beta-6\wagon-ssh-common-1.0-beta-6.jar;C:\Users\chetan_modi\.m2\repository\org\apache\maven\maven-plugin-descriptor\2.2.1\maven-plugin-descriptor-2.2.1.jar;C:\Users\chetan_modi\.m2\repository\org\codehaus\plexus\plexus-interactivity-api\1.0-alpha-4\plexus-interactivity-api-1.0-alpha-4.jar;C:\Users\chetan_modi\.m2\repository\org\apache\maven\maven-artifact-manager\2.2.1\maven-artifact-manager-2.2.1.jar;C:\Users\chetan_modi\.m2\repository\backport-util-concurrent\backport-util-concurrent\3.1\backport-util-concurrent-3.1.jar;C:\Users\chetan_modi\.m2\repository\org\apache\maven\maven-monitor\2.2.1\maven-monitor-2.2.1.jar;C:\Users\chetan_modi\.m2\repository\org\apache\maven\wagon\wagon-ssh\1.0-beta-6\wagon-ssh-1.0-beta-6.jar;C:\Users\chetan_modi\.m2\repository\com\jcraft\jsch\0.1.38\jsch-0.1.38.jar;C:\Users\chetan_modi\.m2\repository\classworlds\classworlds\1.1\classworlds-1.1.jar;C:\Users\chetan_modi\.m2\repository\org\sonatype\plexus\plexus-sec-dispatcher\1.3\plexus-sec-dispatcher-1.3.jar;C:\Users\chetan_modi\.m2\repository\org\sonatype\plexus\plexus-cipher\1.4\plexus-cipher-1.4.jar;C:\Users\chetan_modi\.m2\repository\org\apache\maven\surefire\surefire-testng-utils\2.21.0\surefire-testng-utils-2.21.0.jar;C:\Users\chetan_modi\.m2\repository\org\apache\maven\surefire\surefire-grouper\2.21.0\surefire-grouper-2.21.0.jar;"/>
    <property name="java.vm.vendor" value="Oracle Corporation"/>
    <property name="sun.arch.data.model" value="64"/>
    <property name="user.variant" value=""/>
    <property name="java.vendor.url" value="http://java.oracle.com/"/>
    <property name="user.timezone" value=""/>
    <property name="java.vm.specification.version" value="1.8"/>
    <property name="os.name" value="Windows 10"/>
    <property name="user.country" value="US"/>
    <property name="sun.java.launcher" value="SUN_STANDARD"/>
    <property name="sun.boot.library.path" value="C:\Program Files\Java\jdk1.8.0_66\jre\bin"/>
    <property name="sun.java.command" value="C:\Users\CHETAN~1\AppData\Local\Temp\surefire3957423126072083589\surefirebooter1393358383002478213.jar C:\Users\chetan_modi\AppData\Local\Temp\surefire3957423126072083589 2018-04-12T18-23-48_249-jvmRun1 surefire6174895654649711887tmp surefire_03968803241496027133tmp"/>
    <property name="surefire.test.class.path" value="C:\Users\chetan_modi\workspace\TestMaven\target\test-classes;C:\Users\chetan_modi\workspace\TestMaven\target\classes;C:\Users\chetan_modi\.m2\repository\junit\junit\3.8.1\junit-3.8.1.jar;C:\Users\chetan_modi\.m2\repository\org\seleniumhq\selenium\selenium-java\3.11.0\selenium-java-3.11.0.jar;C:\Users\chetan_modi\.m2\repository\org\seleniumhq\selenium\selenium-api\3.11.0\selenium-api-3.11.0.jar;C:\Users\chetan_modi\.m2\repository\org\seleniumhq\selenium\selenium-chrome-driver\3.11.0\selenium-chrome-driver-3.11.0.jar;C:\Users\chetan_modi\.m2\repository\org\seleniumhq\selenium\selenium-edge-driver\3.11.0\selenium-edge-driver-3.11.0.jar;C:\Users\chetan_modi\.m2\repository\org\seleniumhq\selenium\selenium-firefox-driver\3.11.0\selenium-firefox-driver-3.11.0.jar;C:\Users\chetan_modi\.m2\repository\org\seleniumhq\selenium\selenium-ie-driver\3.11.0\selenium-ie-driver-3.11.0.jar;C:\Users\chetan_modi\.m2\repository\org\seleniumhq\selenium\selenium-opera-driver\3.11.0\selenium-opera-driver-3.11.0.jar;C:\Users\chetan_modi\.m2\repository\org\seleniumhq\selenium\selenium-remote-driver\3.11.0\selenium-remote-driver-3.11.0.jar;C:\Users\chetan_modi\.m2\repository\org\seleniumhq\selenium\selenium-safari-driver\3.11.0\selenium-safari-driver-3.11.0.jar;C:\Users\chetan_modi\.m2\repository\org\seleniumhq\selenium\selenium-support\3.11.0\selenium-support-3.11.0.jar;C:\Users\chetan_modi\.m2\repository\net\bytebuddy\byte-buddy\1.7.9\byte-buddy-1.7.9.jar;C:\Users\chetan_modi\.m2\repository\org\apache\commons\commons-exec\1.3\commons-exec-1.3.jar;C:\Users\chetan_modi\.m2\repository\commons-codec\commons-codec\1.10\commons-codec-1.10.jar;C:\Users\chetan_modi\.m2\repository\commons-logging\commons-logging\1.2\commons-logging-1.2.jar;C:\Users\chetan_modi\.m2\repository\com\google\code\gson\gson\2.8.2\gson-2.8.2.jar;C:\Users\chetan_modi\.m2\repository\com\google\guava\guava\23.6-jre\guava-23.6-jre.jar;C:\Users\chetan_modi\.m2\repository\com\google\code\findbugs\jsr305\1.3.9\jsr305-1.3.9.jar;C:\Users\chetan_modi\.m2\repository\org\checkerframework\checker-compat-qual\2.0.0\checker-compat-qual-2.0.0.jar;C:\Users\chetan_modi\.m2\repository\com\google\errorprone\error_prone_annotations\2.1.3\error_prone_annotations-2.1.3.jar;C:\Users\chetan_modi\.m2\repository\com\google\j2objc\j2objc-annotations\1.1\j2objc-annotations-1.1.jar;C:\Users\chetan_modi\.m2\repository\org\codehaus\mojo\animal-sniffer-annotations\1.14\animal-sniffer-annotations-1.14.jar;C:\Users\chetan_modi\.m2\repository\org\apache\httpcomponents\httpclient\4.5.3\httpclient-4.5.3.jar;C:\Users\chetan_modi\.m2\repository\org\apache\httpcomponents\httpcore\4.4.6\httpcore-4.4.6.jar;C:\Users\chetan_modi\.m2\repository\com\squareup\okhttp3\okhttp\3.9.1\okhttp-3.9.1.jar;C:\Users\chetan_modi\.m2\repository\com\squareup\okio\okio\1.13.0\okio-1.13.0.jar;C:\Users\chetan_modi\.m2\repository\org\testng\testng\6.8\testng-6.8.jar;C:\Users\chetan_modi\.m2\repository\org\beanshell\bsh\2.0b4\bsh-2.0b4.jar;C:\Users\chetan_modi\.m2\repository\com\beust\jcommander\1.27\jcommander-1.27.jar;C:\Users\chetan_modi\.m2\repository\org\yaml\snakeyaml\1.6\snakeyaml-1.6.jar;C:\Users\chetan_modi\.m2\repository\org\apache\logging\log4j\log4j-api\2.11.0\log4j-api-2.11.0.jar;C:\Users\chetan_modi\.m2\repository\org\apache\logging\log4j\log4j-core\2.11.0\log4j-core-2.11.0.jar;C:\Users\chetan_modi\.m2\repository\commons-io\commons-io\2.6\commons-io-2.6.jar;C:\Users\chetan_modi\.m2\repository\com\aventstack\extentreports\3.1.3\extentreports-3.1.3.jar;C:\Users\chetan_modi\.m2\repository\org\freemarker\freemarker\2.3.23\freemarker-2.3.23.jar;C:\Users\chetan_modi\.m2\repository\org\mongodb\mongodb-driver\3.3.0\mongodb-driver-3.3.0.jar;C:\Users\chetan_modi\.m2\repository\org\mongodb\bson\3.3.0\bson-3.3.0.jar;C:\Users\chetan_modi\.m2\repository\org\mongodb\mongodb-driver-core\3.3.0\mongodb-driver-core-3.3.0.jar;C:\Users\chetan_modi\.m2\repository\org\apache\httpcomponents\httpmime\4.5.2\httpmime-4.5.2.jar;C:\Users\chetan_modi\.m2\repository\org\jsoup\jsoup\1.9.2\jsoup-1.9.2.jar;C:\Users\chetan_modi\.m2\repository\com\relevantcodes\extentreports\2.41.2\extentreports-2.41.2.jar;C:\Users\chetan_modi\.m2\repository\org\xerial\sqlite-jdbc\3.8.11.1\sqlite-jdbc-3.8.11.1.jar;C:\Users\chetan_modi\.m2\repository\ch\fortysix\maven-postman-plugin\0.1.6\maven-postman-plugin-0.1.6.jar;C:\Users\chetan_modi\.m2\repository\org\codehaus\gmaven\gmaven-mojo\1.2\gmaven-mojo-1.2.jar;C:\Users\chetan_modi\.m2\repository\org\codehaus\gmaven\runtime\gmaven-runtime-api\1.2\gmaven-runtime-api-1.2.jar;C:\Users\chetan_modi\.m2\repository\org\codehaus\gmaven\feature\gmaven-feature-api\1.2\gmaven-feature-api-1.2.jar;C:\Users\chetan_modi\.m2\repository\org\apache\maven\maven-project\2.0.10\maven-project-2.0.10.jar;C:\Users\chetan_modi\.m2\repository\org\apache\maven\maven-plugin-registry\2.0.10\maven-plugin-registry-2.0.10.jar;C:\Users\chetan_modi\.m2\repository\org\codehaus\plexus\plexus-interpolation\1.1\plexus-interpolation-1.1.jar;C:\Users\chetan_modi\.m2\repository\org\apache\maven\maven-plugin-api\2.0.10\maven-plugin-api-2.0.10.jar;C:\Users\chetan_modi\.m2\repository\org\codehaus\gmaven\runtime\gmaven-runtime-1.7\1.2\gmaven-runtime-1.7-1.2.jar;C:\Users\chetan_modi\.m2\repository\org\slf4j\slf4j-api\1.5.10\slf4j-api-1.5.10.jar;C:\Users\chetan_modi\.m2\repository\org\codehaus\gmaven\feature\gmaven-feature-support\1.2\gmaven-feature-support-1.2.jar;C:\Users\chetan_modi\.m2\repository\org\codehaus\gmaven\runtime\gmaven-runtime-support\1.2\gmaven-runtime-support-1.2.jar;C:\Users\chetan_modi\.m2\repository\org\sonatype\gshell\gshell-io\2.0\gshell-io-2.0.jar;C:\Users\chetan_modi\.m2\repository\org\sonatype\gossip\gossip\1.0\gossip-1.0.jar;C:\Users\chetan_modi\.m2\repository\com\thoughtworks\qdox\qdox\1.8\qdox-1.8.jar;C:\Users\chetan_modi\.m2\repository\org\codehaus\groovy\groovy-all\1.7-beta-2\groovy-all-1.7-beta-2.jar;C:\Users\chetan_modi\.m2\repository\jline\jline\0.9.94\jline-0.9.94.jar;C:\Users\chetan_modi\.m2\repository\javax\mail\mail\1.4.1\mail-1.4.1.jar;C:\Users\chetan_modi\.m2\repository\javax\activation\activation\1.1\activation-1.1.jar;C:\Users\chetan_modi\.m2\repository\org\apache\ant\ant\1.7.1\ant-1.7.1.jar;C:\Users\chetan_modi\.m2\repository\org\apache\ant\ant-launcher\1.7.1\ant-launcher-1.7.1.jar;C:\Users\chetan_modi\.m2\repository\org\slf4j\log4j-over-slf4j\1.5.10\log4j-over-slf4j-1.5.10.jar;C:\Users\chetan_modi\.m2\repository\org\apache\maven\shared\file-management\1.2.1\file-management-1.2.1.jar;C:\Users\chetan_modi\.m2\repository\org\apache\maven\shared\maven-shared-io\1.1\maven-shared-io-1.1.jar;C:\Users\chetan_modi\.m2\repository\org\codehaus\plexus\plexus-container-default\1.0-alpha-9\plexus-container-default-1.0-alpha-9.jar;C:\Users\chetan_modi\.m2\repository\org\apache\maven\reporting\maven-reporting-api\2.2.1\maven-reporting-api-2.2.1.jar;C:\Users\chetan_modi\.m2\repository\org\apache\maven\doxia\doxia-logging-api\1.1\doxia-logging-api-1.1.jar;C:\Users\chetan_modi\.m2\repository\org\apache\maven\reporting\maven-reporting-impl\2.0.4.3\maven-reporting-impl-2.0.4.3.jar;C:\Users\chetan_modi\.m2\repository\org\apache\maven\doxia\doxia-core\1.0\doxia-core-1.0.jar;C:\Users\chetan_modi\.m2\repository\org\apache\maven\doxia\doxia-site-renderer\1.0\doxia-site-renderer-1.0.jar;C:\Users\chetan_modi\.m2\repository\org\codehaus\plexus\plexus-i18n\1.0-beta-7\plexus-i18n-1.0-beta-7.jar;C:\Users\chetan_modi\.m2\repository\org\codehaus\plexus\plexus-velocity\1.1.7\plexus-velocity-1.1.7.jar;C:\Users\chetan_modi\.m2\repository\org\apache\velocity\velocity\1.5\velocity-1.5.jar;C:\Users\chetan_modi\.m2\repository\commons-lang\commons-lang\2.1\commons-lang-2.1.jar;C:\Users\chetan_modi\.m2\repository\org\apache\maven\doxia\doxia-decoration-model\1.0\doxia-decoration-model-1.0.jar;C:\Users\chetan_modi\.m2\repository\commons-collections\commons-collections\3.2\commons-collections-3.2.jar;C:\Users\chetan_modi\.m2\repository\org\apache\maven\doxia\doxia-module-apt\1.0\doxia-module-apt-1.0.jar;C:\Users\chetan_modi\.m2\repository\org\apache\maven\doxia\doxia-module-fml\1.0\doxia-module-fml-1.0.jar;C:\Users\chetan_modi\.m2\repository\org\apache\maven\doxia\doxia-module-xdoc\1.0\doxia-module-xdoc-1.0.jar;C:\Users\chetan_modi\.m2\repository\org\apache\maven\doxia\doxia-module-xhtml\1.0\doxia-module-xhtml-1.0.jar;C:\Users\chetan_modi\.m2\repository\commons-validator\commons-validator\1.2.0\commons-validator-1.2.0.jar;C:\Users\chetan_modi\.m2\repository\commons-beanutils\commons-beanutils\1.7.0\commons-beanutils-1.7.0.jar;C:\Users\chetan_modi\.m2\repository\commons-digester\commons-digester\1.6\commons-digester-1.6.jar;C:\Users\chetan_modi\.m2\repository\oro\oro\2.0.8\oro-2.0.8.jar;C:\Users\chetan_modi\.m2\repository\xml-apis\xml-apis\1.0.b2\xml-apis-1.0.b2.jar;C:\Users\chetan_modi\.m2\repository\org\apache\maven\shared\maven-doxia-tools\1.0.2\maven-doxia-tools-1.0.2.jar;C:\Users\chetan_modi\.m2\repository\org\apache\maven\doxia\doxia-sink-api\1.1.2\doxia-sink-api-1.1.2.jar;C:\Users\chetan_modi\.m2\repository\org\codehaus\plexus\plexus-utils\2.0.1\plexus-utils-2.0.1.jar;C:\Users\chetan_modi\.m2\repository\nekohtml\nekohtml\1.9.6.2\nekohtml-1.9.6.2.jar;C:\Users\chetan_modi\.m2\repository\xerces\xercesImpl\2.8.1\xercesImpl-2.8.1.jar;C:\Users\chetan_modi\.m2\repository\org\apache\commons\commons-email\1.2\commons-email-1.2.jar;C:\Users\chetan_modi\.m2\repository\org\apache\maven\maven-core\2.2.1\maven-core-2.2.1.jar;C:\Users\chetan_modi\.m2\repository\org\apache\maven\maven-settings\2.2.1\maven-settings-2.2.1.jar;C:\Users\chetan_modi\.m2\repository\org\apache\maven\wagon\wagon-file\1.0-beta-6\wagon-file-1.0-beta-6.jar;C:\Users\chetan_modi\.m2\repository\org\apache\maven\maven-plugin-parameter-documenter\2.2.1\maven-plugin-parameter-documenter-2.2.1.jar;C:\Users\chetan_modi\.m2\repository\org\apache\maven\wagon\wagon-http-lightweight\1.0-beta-6\wagon-http-lightweight-1.0-beta-6.jar;C:\Users\chetan_modi\.m2\repository\org\apache\maven\wagon\wagon-http-shared\1.0-beta-6\wagon-http-shared-1.0-beta-6.jar;C:\Users\chetan_modi\.m2\repository\nekohtml\xercesMinimal\1.9.6.2\xercesMinimal-1.9.6.2.jar;C:\Users\chetan_modi\.m2\repository\org\apache\maven\wagon\wagon-http\1.0-beta-6\wagon-http-1.0-beta-6.jar;C:\Users\chetan_modi\.m2\repository\org\apache\maven\wagon\wagon-webdav-jackrabbit\1.0-beta-6\wagon-webdav-jackrabbit-1.0-beta-6.jar;C:\Users\chetan_modi\.m2\repository\org\apache\jackrabbit\jackrabbit-webdav\1.5.0\jackrabbit-webdav-1.5.0.jar;C:\Users\chetan_modi\.m2\repository\org\apache\jackrabbit\jackrabbit-jcr-commons\1.5.0\jackrabbit-jcr-commons-1.5.0.jar;C:\Users\chetan_modi\.m2\repository\commons-httpclient\commons-httpclient\3.0\commons-httpclient-3.0.jar;C:\Users\chetan_modi\.m2\repository\org\slf4j\slf4j-nop\1.5.3\slf4j-nop-1.5.3.jar;C:\Users\chetan_modi\.m2\repository\org\slf4j\slf4j-jdk14\1.5.6\slf4j-jdk14-1.5.6.jar;C:\Users\chetan_modi\.m2\repository\org\slf4j\jcl-over-slf4j\1.5.6\jcl-over-slf4j-1.5.6.jar;C:\Users\chetan_modi\.m2\repository\org\apache\maven\maven-profile\2.2.1\maven-profile-2.2.1.jar;C:\Users\chetan_modi\.m2\repository\org\apache\maven\maven-model\2.2.1\maven-model-2.2.1.jar;C:\Users\chetan_modi\.m2\repository\org\apache\maven\maven-artifact\2.2.1\maven-artifact-2.2.1.jar;C:\Users\chetan_modi\.m2\repository\org\apache\maven\wagon\wagon-provider-api\1.0-beta-6\wagon-provider-api-1.0-beta-6.jar;C:\Users\chetan_modi\.m2\repository\org\apache\maven\maven-repository-metadata\2.2.1\maven-repository-metadata-2.2.1.jar;C:\Users\chetan_modi\.m2\repository\org\apache\maven\maven-error-diagnostics\2.2.1\maven-error-diagnostics-2.2.1.jar;C:\Users\chetan_modi\.m2\repository\commons-cli\commons-cli\1.2\commons-cli-1.2.jar;C:\Users\chetan_modi\.m2\repository\org\apache\maven\wagon\wagon-ssh-external\1.0-beta-6\wagon-ssh-external-1.0-beta-6.jar;C:\Users\chetan_modi\.m2\repository\org\apache\maven\wagon\wagon-ssh-common\1.0-beta-6\wagon-ssh-common-1.0-beta-6.jar;C:\Users\chetan_modi\.m2\repository\org\apache\maven\maven-plugin-descriptor\2.2.1\maven-plugin-descriptor-2.2.1.jar;C:\Users\chetan_modi\.m2\repository\org\codehaus\plexus\plexus-interactivity-api\1.0-alpha-4\plexus-interactivity-api-1.0-alpha-4.jar;C:\Users\chetan_modi\.m2\repository\org\apache\maven\maven-artifact-manager\2.2.1\maven-artifact-manager-2.2.1.jar;C:\Users\chetan_modi\.m2\repository\backport-util-concurrent\backport-util-concurrent\3.1\backport-util-concurrent-3.1.jar;C:\Users\chetan_modi\.m2\repository\org\apache\maven\maven-monitor\2.2.1\maven-monitor-2.2.1.jar;C:\Users\chetan_modi\.m2\repository\org\apache\maven\wagon\wagon-ssh\1.0-beta-6\wagon-ssh-1.0-beta-6.jar;C:\Users\chetan_modi\.m2\repository\com\jcraft\jsch\0.1.38\jsch-0.1.38.jar;C:\Users\chetan_modi\.m2\repository\classworlds\classworlds\1.1\classworlds-1.1.jar;C:\Users\chetan_modi\.m2\repository\org\sonatype\plexus\plexus-sec-dispatcher\1.3\plexus-sec-dispatcher-1.3.jar;C:\Users\chetan_modi\.m2\repository\org\sonatype\plexus\plexus-cipher\1.4\plexus-cipher-1.4.jar;C:\Users\chetan_modi\.m2\repository\org\apache\maven\surefire\surefire-testng-utils\2.21.0\surefire-testng-utils-2.21.0.jar;C:\Users\chetan_modi\.m2\repository\org\apache\maven\surefire\surefire-grouper\2.21.0\surefire-grouper-2.21.0.jar;"/>
    <property name="sun.cpu.endian" value="little"/>
    <property name="user.home" value="C:\Users\chetan_modi"/>
    <property name="user.language" value="en"/>
    <property name="java.specification.vendor" value="Oracle Corporation"/>
    <property name="java.home" value="C:\Program Files\Java\jdk1.8.0_66\jre"/>
    <property name="basedir" value="C:\Users\chetan_modi\workspace\TestMaven"/>
    <property name="file.separator" value="\"/>
    <property name="line.separator" value="&#10;"/>
    <property name="java.vm.specification.vendor" value="Oracle Corporation"/>
    <property name="java.specification.name" value="Java Platform API Specification"/>
    <property name="java.awt.graphicsenv" value="sun.awt.Win32GraphicsEnvironment"/>
    <property name="surefire.real.class.path" value="C:\Users\CHETAN~1\AppData\Local\Temp\surefire3957423126072083589\surefirebooter1393358383002478213.jar"/>
    <property name="sun.boot.class.path" value="C:\Program Files\Java\jdk1.8.0_66\jre\lib\resources.jar;C:\Program Files\Java\jdk1.8.0_66\jre\lib\rt.jar;C:\Program Files\Java\jdk1.8.0_66\jre\lib\sunrsasign.jar;C:\Program Files\Java\jdk1.8.0_66\jre\lib\jsse.jar;C:\Program Files\Java\jdk1.8.0_66\jre\lib\jce.jar;C:\Program Files\Java\jdk1.8.0_66\jre\lib\charsets.jar;C:\Program Files\Java\jdk1.8.0_66\jre\lib\jfr.jar;C:\Program Files\Java\jdk1.8.0_66\jre\classes"/>
    <property name="user.script" value=""/>
    <property name="sun.management.compiler" value="HotSpot 64-Bit Tiered Compilers"/>
    <property name="java.runtime.version" value="1.8.0_66-b17"/>
    <property name="user.name" value="chetan_modi"/>
    <property name="path.separator" value=";"/>
    <property name="os.version" value="10.0"/>
    <property name="java.endorsed.dirs" value="C:\Program Files\Java\jdk1.8.0_66\jre\lib\endorsed"/>
    <property name="java.runtime.name" value="Java(TM) SE Runtime Environment"/>
    <property name="file.encoding" value="Cp1252"/>
    <property name="java.vm.name" value="Java HotSpot(TM) 64-Bit Server VM"/>
    <property name="localRepository" value="C:\Users\chetan_modi\.m2\repository"/>
    <property name="java.vendor.url.bug" value="http://bugreport.sun.com/bugreport/"/>
    <property name="java.io.tmpdir" value="C:\Users\CHETAN~1\AppData\Local\Temp\"/>
    <property name="java.version" value="1.8.0_66"/>
    <property name="user.dir" value="C:\Users\chetan_modi\workspace\TestMaven"/>
    <property name="os.arch" value="amd64"/>
    <property name="java.vm.specification.name" value="Java Virtual Machine Specification"/>
    <property name="java.awt.printerjob" value="sun.awt.windows.WPrinterJob"/>
    <property name="sun.os.patch.level" value=""/>
    <property name="java.library.path" value="C:\Program Files\Java\jdk1.8.0_66\jre\bin;C:\WINDOWS\Sun\Java\bin;C:\WINDOWS\system32;C:\WINDOWS;C:/Program Files/Java/jre1.8.0_66/bin/server;C:/Program Files/Java/jre1.8.0_66/bin;C:/Program Files/Java/jre1.8.0_66/lib/amd64;C:\Program Files\Java\jre1.8.0_66\bin;C:\Windows\System32;C:\Users\chetan_modi\Desktop\Selenium\apache-maven-3.5.2-bin\apache-maven-3.5.2\bin;C:\Program Files (x86)\Skype\Phone\;C:\Users\chetan_modi\AppData\Local\Microsoft\WindowsApps;C:\Users\chetan_modi\AppData\Local\Programs\Git\cmd;C:\Users\chetan_modi\Desktop\eclipse-jee-neon-R-win32-x86_64\eclipse;;."/>
    <property name="java.vm.info" value="mixed mode"/>
    <property name="java.vendor" value="Oracle Corporation"/>
    <property name="java.vm.version" value="25.66-b17"/>
    <property name="java.ext.dirs" value="C:\Program Files\Java\jdk1.8.0_66\jre\lib\ext;C:\WINDOWS\Sun\Java\lib\ext"/>
    <property name="sun.io.unicode.encoding" value="UnicodeLittle"/>
    <property name="java.class.version" value="52.0"/>
  </properties>
  <testcase name="navigateToLoginPage" classname="landmark.LifestyleAutomation.HomePage" time="6.46"/>
  <testcase name="LoginToAccount" classname="landmark.LifestyleAutomation.HomePage" time="0.012">
    <failure message="expected [true] but found [false]" type="java.lang.AssertionError">java.lang.AssertionError: expected [true] but found [false]
	at landmark.LifestyleAutomation.HomePage.LoginToAccount(HomePage.java:40)
</failure>
    <system-out><![CDATA[18:24:12.050 [main] INFO  resources.BaseClass - The name of the testcase passed is :navigateToLoginPage
18:24:12.051 [main] INFO  resources.BaseClass - LoginToAccount test case started
18:24:12.051 [main] INFO  resources.BaseClass - Execution started for LoginToAccount
18:24:12.051 [main] INFO  resources.BaseClass - Entering the username
18:24:12.052 [main] ERROR resources.BaseClass - Failed to login
]]></system-out>
  </testcase>
  <testcase name="VerifyLoggedIn" classname="landmark.LifestyleAutomation.HomePage" time="10.104">
    <failure message="expected [true] but found [false]" type="java.lang.AssertionError">java.lang.AssertionError: expected [true] but found [false]
	at landmark.LifestyleAutomation.HomePage.VerifyLoggedIn(HomePage.java:48)
</failure>
    <system-out><![CDATA[18:24:12.454 [main] INFO  resources.BaseClass - The name of the testcase failed is :LoginToAccount
18:24:12.455 [main] INFO  resources.BaseClass - VerifyLoggedIn test case started
18:24:12.455 [main] INFO  resources.BaseClass - Execution started for VerifyLoggedIn
18:24:22.556 [main] ERROR resources.BaseClass - Logout link not present or User is not logged in
]]></system-out>
  </testcase>
</testsuite>