<?xml version="1.0" encoding="UTF-8"?>
<!-- Generated by org.testng.reporters.JUnitReportReporter -->
<testsuite hostname="Chetan" name="landmark.LifestyleAutomation.HomePageAssertion" tests="1" failures="0" timestamp="31 Mar 2018 15:50:18 GMT" time="10.716" errors="0">
  <testcase name="homePageNavigation" time="10.716" classname="landmark.LifestyleAutomation.HomePageAssertion"/>
</testsuite> <!-- landmark.LifestyleAutomation.HomePageAssertion -->
