<?xml version="1.0" encoding="UTF-8"?>
<!-- Generated by org.testng.reporters.JUnitReportReporter -->
<testsuite hostname="Chetan" name="landmark.LifestyleAutomation.HomePageVerifyText" tests="1" failures="0" timestamp="31 Mar 2018 18:06:52 GMT" time="0.108" errors="0">
  <testcase name="homePageNavigation" time="0.108" classname="landmark.LifestyleAutomation.HomePageVerifyText"/>
</testsuite> <!-- landmark.LifestyleAutomation.HomePageVerifyText -->
