<?xml version="1.0" encoding="UTF-8"?>
<!-- Generated by org.testng.reporters.JUnitReportReporter -->
<testsuite hostname="Chetan" name="landmark.LifestyleAutomation.HomePage" tests="3" failures="0" timestamp="1 Apr 2018 08:48:15 GMT" time="56.507" errors="0">
  <testcase name="homePageNavigation" time="18.857" classname="landmark.LifestyleAutomation.HomePage"/>
  <testcase name="homePageNavigation" time="19.999" classname="landmark.LifestyleAutomation.HomePage"/>
  <testcase name="homePageNavigation" time="17.651" classname="landmark.LifestyleAutomation.HomePage"/>
</testsuite> <!-- landmark.LifestyleAutomation.HomePage -->
