<?xml version="1.0" encoding="UTF-8"?>
<!-- Generated by org.testng.reporters.JUnitReportReporter -->
<testsuite hostname="Chetan" name="landmark.LifestyleAutomation.HomePage" tests="3" failures="0" timestamp="1 Apr 2018 17:20:25 GMT" time="35.656" errors="0">
  <testcase name="homePageNavigation" time="14.487" classname="landmark.LifestyleAutomation.HomePage"/>
  <testcase name="homePageNavigation" time="10.544" classname="landmark.LifestyleAutomation.HomePage"/>
  <testcase name="homePageNavigation" time="10.625" classname="landmark.LifestyleAutomation.HomePage"/>
</testsuite> <!-- landmark.LifestyleAutomation.HomePage -->
