<?xml version="1.0" encoding="UTF-8"?>
<!-- Generated by org.testng.reporters.JUnitReportReporter -->
<testsuite hostname="Chetan" name="landmark.LifestyleAutomation.HomePage" tests="1" failures="0" timestamp="11 Apr 2018 17:33:40 GMT" time="6.573" errors="0">
  <testcase name="navigateToLoginPage" time="6.573" classname="landmark.LifestyleAutomation.HomePage"/>
</testsuite> <!-- landmark.LifestyleAutomation.HomePage -->
