<?xml version="1.0" encoding="UTF-8"?>
<!-- Generated by org.testng.reporters.JUnitReportReporter -->
<testsuite hostname="THBSGGNLPT-042" name="landmark.LifestyleAutomation.HomePage" tests="1" failures="0" timestamp="12 Apr 2018 07:45:20 GMT" time="8.502" errors="0">
  <testcase name="navigateToLoginPage" time="8.502" classname="landmark.LifestyleAutomation.HomePage"/>
</testsuite> <!-- landmark.LifestyleAutomation.HomePage -->
