<?xml version="1.0" encoding="UTF-8"?>
<!-- Generated by org.testng.reporters.JUnitReportReporter -->
<testsuite hostname="THBSGGNLPT-042" name="landmark.LifestyleAutomation.HomePage" tests="1" failures="0" timestamp="10 Apr 2018 09:38:07 GMT" time="11.452" errors="0">
  <testcase name="navigateToLoginPage" time="11.452" classname="landmark.LifestyleAutomation.HomePage"/>
</testsuite> <!-- landmark.LifestyleAutomation.HomePage -->
