<?xml version="1.0" encoding="UTF-8"?>
<!-- Generated by org.testng.reporters.JUnitReportReporter -->
<testsuite hostname="Chetan" name="landmark.LifestyleAutomation.HomePageVerifyNavigationBar" tests="1" failures="0" timestamp="1 Apr 2018 17:20:25 GMT" time="0.079" errors="0">
  <testcase name="homePageNavigation" time="0.079" classname="landmark.LifestyleAutomation.HomePageVerifyNavigationBar"/>
</testsuite> <!-- landmark.LifestyleAutomation.HomePageVerifyNavigationBar -->
